Determining if the pthread_create exist failed with the following output:
Change Dir: /home/navmod/catkin_ws/build/CMakeFiles/CMakeTmp

Run Build Command:"/usr/bin/make" "cmTC_dbde1/fast"
/usr/bin/make -f CMakeFiles/cmTC_dbde1.dir/build.make CMakeFiles/cmTC_dbde1.dir/build
make[1]: se entra en el directorio '/home/navmod/catkin_ws/build/CMakeFiles/CMakeTmp'
Building C object CMakeFiles/cmTC_dbde1.dir/CheckSymbolExists.c.o
/usr/bin/cc    -o CMakeFiles/cmTC_dbde1.dir/CheckSymbolExists.c.o   -c /home/navmod/catkin_ws/build/CMakeFiles/CMakeTmp/CheckSymbolExists.c
Linking C executable cmTC_dbde1
/usr/bin/cmake -E cmake_link_script CMakeFiles/cmTC_dbde1.dir/link.txt --verbose=1
/usr/bin/cc      -rdynamic CMakeFiles/cmTC_dbde1.dir/CheckSymbolExists.c.o  -o cmTC_dbde1 
CMakeFiles/cmTC_dbde1.dir/CheckSymbolExists.c.o: En la función `main':
CheckSymbolExists.c:(.text+0x1b): referencia a `pthread_create' sin definir
collect2: error: ld returned 1 exit status
CMakeFiles/cmTC_dbde1.dir/build.make:97: fallo en las instrucciones para el objetivo 'cmTC_dbde1'
make[1]: *** [cmTC_dbde1] Error 1
make[1]: se sale del directorio '/home/navmod/catkin_ws/build/CMakeFiles/CMakeTmp'
Makefile:126: fallo en las instrucciones para el objetivo 'cmTC_dbde1/fast'
make: *** [cmTC_dbde1/fast] Error 2

File /home/navmod/catkin_ws/build/CMakeFiles/CMakeTmp/CheckSymbolExists.c:
/* */
#include <pthread.h>

int main(int argc, char** argv)
{
  (void)argv;
#ifndef pthread_create
  return ((int*)(&pthread_create))[argc];
#else
  (void)argc;
  return 0;
#endif
}

Determining if the function pthread_create exists in the pthreads failed with the following output:
Change Dir: /home/navmod/catkin_ws/build/CMakeFiles/CMakeTmp

Run Build Command:"/usr/bin/make" "cmTC_73a48/fast"
/usr/bin/make -f CMakeFiles/cmTC_73a48.dir/build.make CMakeFiles/cmTC_73a48.dir/build
make[1]: se entra en el directorio '/home/navmod/catkin_ws/build/CMakeFiles/CMakeTmp'
Building C object CMakeFiles/cmTC_73a48.dir/CheckFunctionExists.c.o
/usr/bin/cc   -DCHECK_FUNCTION_EXISTS=pthread_create   -o CMakeFiles/cmTC_73a48.dir/CheckFunctionExists.c.o   -c /usr/share/cmake-3.10/Modules/CheckFunctionExists.c
Linking C executable cmTC_73a48
/usr/bin/cmake -E cmake_link_script CMakeFiles/cmTC_73a48.dir/link.txt --verbose=1
/usr/bin/cc  -DCHECK_FUNCTION_EXISTS=pthread_create    -rdynamic CMakeFiles/cmTC_73a48.dir/CheckFunctionExists.c.o  -o cmTC_73a48 -lpthreads 
/usr/bin/ld: no se puede encontrar -lpthreads
collect2: error: ld returned 1 exit status
CMakeFiles/cmTC_73a48.dir/build.make:97: fallo en las instrucciones para el objetivo 'cmTC_73a48'
make[1]: *** [cmTC_73a48] Error 1
make[1]: se sale del directorio '/home/navmod/catkin_ws/build/CMakeFiles/CMakeTmp'
Makefile:126: fallo en las instrucciones para el objetivo 'cmTC_73a48/fast'
make: *** [cmTC_73a48/fast] Error 2


